<?xml version="1.0" encoding="UTF-8"?>
<testng-results ignored="10" total="11" passed="1" failed="0" skipped="0">
  <reporter-output>
  </reporter-output>
  <suite started-at="2020-05-25T21:37:22 IST" name="Default suite" finished-at="2020-05-25T21:37:51 IST" duration-ms="29284">
    <groups>
    </groups>
    <test started-at="2020-05-25T21:37:22 IST" name="Default test" finished-at="2020-05-25T21:37:51 IST" duration-ms="29284">
      <class name="demoMavenProject5.NavigationBar">
        <test-method signature="Test3_OpenSearchedProductsInNewTabnav()[pri:0, instance:demoMavenProject5.NavigationBar@2928854b]" started-at="2020-05-25T21:37:22 IST" name="Test3_OpenSearchedProductsInNewTabnav" finished-at="2020-05-25T21:37:51 IST" duration-ms="29166" status="PASS">
          <reporter-output>
          </reporter-output>
        </test-method> <!-- Test3_OpenSearchedProductsInNewTabnav -->
      </class> <!-- demoMavenProject5.NavigationBar -->
    </test> <!-- Default test -->
  </suite> <!-- Default suite -->
</testng-results>
