<?xml version="1.0" encoding="UTF-8"?>
<!-- Generated by org.testng.reporters.JUnitXMLReporter -->
<testsuite ignored="10" hostname="SILICUS524" failures="0" tests="1" name="Default test" time="29.284" errors="0" timestamp="2020-05-25T21:37:52 IST">
  <testcase classname="demoMavenProject5.NavigationBar" name="Test3_OpenSearchedProductsInNewTabnav" time="29.166"/>
  <testcase classname="demoMavenProject5.NavigationBar" name="Test10_Order_Summury_Pagenav" time="0.0">
    <ignored/>
  </testcase> <!-- Test10_Order_Summury_Pagenav -->
  <testcase classname="demoMavenProject5.NavigationBar" name="Test2_unOrderedListnav" time="0.0">
    <ignored/>
  </testcase> <!-- Test2_unOrderedListnav -->
  <testcase classname="demoMavenProject5.NavigationBar" name="Test12_testORDER_HISTORY_Pagenav" time="0.0">
    <ignored/>
  </testcase> <!-- Test12_testORDER_HISTORY_Pagenav -->
  <testcase classname="demoMavenProject5.NavigationBar" name="Test4_AddtoCartSearchedProductsFromNewTabnav" time="0.0">
    <ignored/>
  </testcase> <!-- Test4_AddtoCartSearchedProductsFromNewTabnav -->
  <testcase classname="demoMavenProject5.NavigationBar" name="Test11_Order_confirm_Pagenav" time="0.0">
    <ignored/>
  </testcase> <!-- Test11_Order_confirm_Pagenav -->
  <testcase classname="demoMavenProject5.NavigationBar" name="Test6_UserAuthtificationnav" time="0.0">
    <ignored/>
  </testcase> <!-- Test6_UserAuthtificationnav -->
  <testcase classname="demoMavenProject5.NavigationBar" name="Test8_ShippingPagenav" time="0.0">
    <ignored/>
  </testcase> <!-- Test8_ShippingPagenav -->
  <testcase classname="demoMavenProject5.NavigationBar" name="Test7_ADDRESSES_verificationnav" time="0.0">
    <ignored/>
  </testcase> <!-- Test7_ADDRESSES_verificationnav -->
  <testcase classname="demoMavenProject5.NavigationBar" name="Test9_SelectPaymentMethodnav" time="0.0">
    <ignored/>
  </testcase> <!-- Test9_SelectPaymentMethodnav -->
  <testcase classname="demoMavenProject5.NavigationBar" name="Test5_ShppingCartSummary_nav" time="0.0">
    <ignored/>
  </testcase> <!-- Test5_ShppingCartSummary_nav -->
</testsuite> <!-- Default test -->
